var x;
undefined
typeof x;
"undefined"
x=100;
100
typeof x;
"number"
x=100.20;
100.2
typeof x;
"number"
x=100/0;
Infinity
x=100/2;
50
typeof x'
VM137:1 Uncaught SyntaxError: Invalid or unexpected token
typeof x;
"number"
x=100/0;
Infinity
typeof x;
"number"
x="100" + 100;
"100100"
typeof x;
"string"
x = 100 + "100";
"100100"
typeof x;
"string"
x= 100 - "100";
0
x = 100 * "100";
10000
x = 100/"100";
1
x = 100/"amit";
NaN
typeof x;
"number"
x = "amit"/100;
NaN
var y;
undefined
x = 100/y;
NaN
x = 100 + true;
101
x = 100 * false;
0
"ten"/"two";
NaN
var d = "ten"/"two";
undefined
d;
NaN
isNaN(d);
true
isNaN(d)?0:d;
0
var d = 100/2;
undefined
d;
50
isNaN(d)?0:d;
50
var t  = "100";
undefined
typeof t;
"string"
y = parseInt(t);
100
t = "ten";
"ten"
y = parseInt(t);
NaN
var d= 10.20;
undefined
var e = Number("10");
undefined
e;
10
var e = Number("10.20");
undefined
e;
10.2
var e = Number("ten");
undefined
e;
NaN
e= 100/0;
Infinity
isFinite(e);
false
var r = "Hello";
undefined
typeof r;
"string"
r= 'Hello';
"Hello"
typeof r;
"string"
r = "It's my life";
"It's my life"
x = true;
true
typeof r;
"string"
typeof x;
"boolean"
x = [10,20,30];
[10, 20, 30]
typeof x;
"object"
x instanceof Array;
true
x instanceof HTMLCollection;
false
typeof Array;
"function"
x instanceof Object;
true
typeof Object;
"function"
var mike = {};
undefined
mike instanceof Object;
true
typeof mike;
"object"
mike;
Object {}
mike instanceof Array;
false
var d=[];
undefined
var tim = {id : 1001,name:'Tim'};
undefined
var tim = {id : 1001,name:'Tim',city:['Delhi','Mumbai']};
undefined
tim;
Object {id: 1001, name: "Tim", city: Array[2]}
tim instanceof Object;
true
var d=["Hello",10,"Ok",90.20,false];
undefined
function show(){
console.log("this is show ");
}
undefined
typeof show;
"function"
show();
VM1204:2 this is show 
undefined
var pp = 10;
undefined
var tt = show;
undefined
typeof tt;
"function"
typeof pp;
"number"
pp;
10
tt;
function show(){
console.log("this is show ");
}
show;
function show(){
console.log("this is show ");
}
show();
VM1204:2 this is show 
undefined
tt();
VM1204:2 this is show 
undefined
mike;
Object {}
tim;
Object {id: 1001, name: "Tim", city: Array[2]}
tim = null;
null
tim;
null
typeof tim;
"object"
var a;
undefined
typeof a;
"undefined"
a=10;
10
typeof a;
"number"
a="hello";
"hello"
typeof a;
"string"
a=null;
null
typeof a;
"object"
var t;
undefined
t = 100;
100
var t2 = "100";
undefined
t==t2;
true
t===t2;
false
var e;
undefined
typeof e;
"number"
var ee;
undefined
typeof ee;
"undefined"
if(typeof ee=="undefined"){
console.log("Undefined");
}
VM1620:2 Undefined
undefined
if(typeof ee==undefined){
console.log("Undefined");
}
undefined
ee=null;
null
if(typeof ee==null){
console.log("NUll");
}
undefined
ee;
null
if( ee==null){
console.log("NUll");
}
VM1663:2 NUll
undefined
if( ee=="null"){
console.log("NUll");
}
undefined
var t = 10;
undefined
if(t==10){
console.log("Ten");
}
VM1715:2 Ten
undefined
if(typeof t =="number"){
console.log("Number ");
}
VM1782:2 Number 
undefined
var yyy;
undefined
yyy;
undefined
if(yyy==undefined){
console.log("Undefined");
}
VM1863:2 Undefined
undefined
if(typeof yyy=="undefined"){
console.log("Undefined Type");
}
VM1958:2 Undefined Type
undefined
var k ;
undefined
if(k){
console.log("Truthy ");
}
else{
console.log("Falsy ");
}
VM2033:5 Falsy 
undefined
k=10;
10
if(k){
console.log("Truthy ");
}
else{
console.log("Falsy ");
}
VM2042:2 Truthy 
undefined
k=null;
null
if(k){
console.log("Truthy ");
}
else{
console.log("Falsy ");
}
VM2055:5 Falsy 
undefined
k=10/0;
Infinity
if(k){
console.log("Truthy ");
}
else{
console.log("Falsy ");
}
VM2068:2 Truthy 
undefined
k = 10/"ten";
NaN
if(k){
console.log("Truthy ");
}
else{
console.log("Falsy ");
}
VM2087:5 Falsy 
undefined
k="";
""
if(k){
console.log("Truthy ");
}
else{
console.log("Falsy ");
}
VM2096:5 Falsy 
undefined
k=0;
0
if(k){
console.log("Truthy ");
}
else{
console.log("Falsy ");
}
VM2103:5 Falsy 
undefined
